<?xml version="1.0" encoding="utf-8"?><testsuites name="pytest tests"><testsuite name="pytest" errors="0" failures="0" skipped="0" tests="14" time="7.506" timestamp="2026-03-09T15:10:34.119895+00:00" hostname="agent-env-3ce7c74b-44d4-44ca-95df-803cfd2bccca"><testcase classname="tests.test_admin_features.TestPublicFeatures" name="test_get_public_features_no_auth" time="0.182" /><testcase classname="tests.test_admin_features.TestPublicFeatures" name="test_public_features_returns_only_enabled_state" time="0.144" /><testcase classname="tests.test_admin_features.TestAdminFeaturesAuth" name="test_get_features_requires_admin" time="0.455" /><testcase classname="tests.test_admin_features.TestAdminFeaturesAuth" name="test_get_features_as_admin" time="0.458" /><testcase classname="tests.test_admin_features.TestAdminFeaturesAuth" name="test_update_features_requires_admin" time="0.517" /><testcase classname="tests.test_admin_features.TestAdminFeaturesAuth" name="test_update_feature_toggle_as_admin" time="0.827" /><testcase classname="tests.test_admin_features.TestAdminFeaturesAuth" name="test_update_multiple_toggles" time="0.708" /><testcase classname="tests.test_admin_features.TestAdminApiConfig" name="test_get_api_config_requires_admin" time="0.495" /><testcase classname="tests.test_admin_features.TestAdminApiConfig" name="test_get_api_config_as_admin" time="0.455" /><testcase classname="tests.test_admin_features.TestAdminApiConfig" name="test_update_telefonia_config" time="0.815" /><testcase classname="tests.test_admin_features.TestAdminApiConfig" name="test_update_fintech_config" time="0.657" /><testcase classname="tests.test_admin_features.TestAdminApiConfig" name="test_update_invalid_section_returns_404" time="0.466" /><testcase classname="tests.test_admin_features.TestAdminApiConfig" name="test_update_api_config_requires_admin" time="0.471" /><testcase classname="tests.test_admin_features.TestFeatureToggleIntegration" name="test_disabled_feature_hidden_in_public" time="0.789" /></testsuite></testsuites>