<?xml version="1.0" encoding="utf-8"?><testsuites name="pytest tests"><testsuite name="pytest" errors="0" failures="0" skipped="1" tests="19" time="4.505" timestamp="2026-03-07T13:28:20.875478+00:00" hostname="agent-env-88f81baf-2393-46fc-8ea0-dfb17263d511"><testcase classname="tests.test_admin_merchant_panels.TestAdminUsersAPI" name="test_get_all_users" time="0.501" /><testcase classname="tests.test_admin_merchant_panels.TestAdminUsersAPI" name="test_get_users_with_search" time="0.140" /><testcase classname="tests.test_admin_merchant_panels.TestAdminUsersAPI" name="test_get_users_filter_active" time="0.132" /><testcase classname="tests.test_admin_merchant_panels.TestAdminUsersAPI" name="test_get_users_filter_blocked" time="0.103" /><testcase classname="tests.test_admin_merchant_panels.TestAdminUsersAPI" name="test_get_users_filter_merchant" time="0.116" /><testcase classname="tests.test_admin_merchant_panels.TestAdminUsersAPI" name="test_get_users_filter_admin" time="0.114" /><testcase classname="tests.test_admin_merchant_panels.TestAdminUsersAPI" name="test_get_user_detail" time="0.107" /><testcase classname="tests.test_admin_merchant_panels.TestAdminUsersAPI" name="test_update_user" time="0.315" /><testcase classname="tests.test_admin_merchant_panels.TestAdminUsersAPI" name="test_block_unblock_user" time="0.420" /><testcase classname="tests.test_admin_merchant_panels.TestAdminOpenAIAPI" name="test_get_openai_config" time="0.420" /><testcase classname="tests.test_admin_merchant_panels.TestAdminOpenAIAPI" name="test_save_openai_config" time="0.099" /><testcase classname="tests.test_admin_merchant_panels.TestAdminOpenAIAPI" name="test_test_openai_connection" time="0.128" /><testcase classname="tests.test_admin_merchant_panels.TestMerchantReferredUsersAPI" name="test_get_referred_users" time="0.435" /><testcase classname="tests.test_admin_merchant_panels.TestMerchantReferredUsersAPI" name="test_referred_users_no_sensitive_data" time="0.097" /><testcase classname="tests.test_admin_merchant_panels.TestMerchantReferredUsersAPI" name="test_referred_users_search" time="0.112" /><testcase classname="tests.test_admin_merchant_panels.TestSecurityAccessControl" name="test_regular_user_cannot_access_admin_users" time="0.858" /><testcase classname="tests.test_admin_merchant_panels.TestSecurityAccessControl" name="test_regular_user_cannot_access_admin_openai" time="0.106" /><testcase classname="tests.test_admin_merchant_panels.TestSecurityAccessControl" name="test_merchant_cannot_access_admin_endpoints" time="0.100" /><testcase classname="tests.test_admin_merchant_panels.TestSecurityAccessControl" name="test_regular_user_cannot_access_merchant_referred_users" time="0.106"><skipped type="pytest.skip" message="Test user (luca.bianchi@test.com) is actually a merchant in seed data">/app/backend/tests/test_admin_merchant_panels.py:354: Test user (luca.bianchi@test.com) is actually a merchant in seed data</skipped></testcase></testsuite></testsuites>