<?xml version="1.0" encoding="utf-8"?><testsuites name="pytest tests"><testsuite name="pytest" errors="0" failures="0" skipped="0" tests="17" time="6.152" timestamp="2026-03-04T14:03:26.208688+00:00" hostname="agent-env-8b09710f-bd46-4c6c-8c55-fde55486c77f"><testcase classname="backend.tests.test_auth_comprehensive.TestLoginBasic" name="test_login_test_user" time="0.440" /><testcase classname="backend.tests.test_auth_comprehensive.TestLoginBasic" name="test_login_admin_user" time="0.339" /><testcase classname="backend.tests.test_auth_comprehensive.TestLoginCaseInsensitivity" name="test_login_uppercase_email" time="0.340" /><testcase classname="backend.tests.test_auth_comprehensive.TestLoginCaseInsensitivity" name="test_login_mixed_case_email" time="0.349" /><testcase classname="backend.tests.test_auth_comprehensive.TestLoginCaseInsensitivity" name="test_login_random_case_email" time="0.328" /><testcase classname="backend.tests.test_auth_comprehensive.TestLoginEmailTrimming" name="test_login_email_with_leading_spaces" time="0.353" /><testcase classname="backend.tests.test_auth_comprehensive.TestLoginEmailTrimming" name="test_login_email_with_trailing_spaces" time="0.355" /><testcase classname="backend.tests.test_auth_comprehensive.TestLoginEmailTrimming" name="test_login_email_with_both_spaces" time="0.333" /><testcase classname="backend.tests.test_auth_comprehensive.TestLoginErrorMessages" name="test_wrong_password_error_message" time="0.321" /><testcase classname="backend.tests.test_auth_comprehensive.TestLoginErrorMessages" name="test_nonexistent_user_error_message" time="0.130" /><testcase classname="backend.tests.test_auth_comprehensive.TestDiagnosticEndpoints" name="test_verify_login_test_endpoint" time="0.337" /><testcase classname="backend.tests.test_auth_comprehensive.TestDiagnosticEndpoints" name="test_debug_users_endpoint" time="0.108" /><testcase classname="backend.tests.test_auth_comprehensive.TestRegistrationAndLogin" name="test_register_new_user" time="0.404" /><testcase classname="backend.tests.test_auth_comprehensive.TestRegistrationAndLogin" name="test_login_with_newly_registered_user" time="0.698" /><testcase classname="backend.tests.test_auth_comprehensive.TestSeedUserPasswordPreservation" name="test_seed_user_has_working_password" time="0.690" /><testcase classname="backend.tests.test_auth_comprehensive.TestSeedUserPasswordPreservation" name="test_verify_bcrypt_hashes_are_valid" time="0.122" /><testcase classname="backend.tests.test_auth_comprehensive.TestAuthMeEndpoint" name="test_get_me_with_valid_token" time="0.430" /></testsuite></testsuites>