<?xml version="1.0" encoding="utf-8"?><testsuites name="pytest tests"><testsuite name="pytest" errors="0" failures="0" skipped="0" tests="21" time="13.581" timestamp="2026-03-04T15:13:21.239997+00:00" hostname="agent-env-8b09710f-bd46-4c6c-8c55-fde55486c77f"><testcase classname="backend.tests.test_giftcard_api_integration.TestGiftCardAdminCreate" name="test_admin_create_giftcard" time="0.579" /><testcase classname="backend.tests.test_giftcard_api_integration.TestGiftCardAdminCreate" name="test_admin_create_giftcard_non_admin_fails" time="0.474" /><testcase classname="backend.tests.test_giftcard_api_integration.TestGiftCardAdminCreate" name="test_admin_create_giftcard_without_auth" time="0.143" /><testcase classname="backend.tests.test_giftcard_api_integration.TestGiftCardAdminApiConfig" name="test_admin_update_api_config" time="0.571" /><testcase classname="backend.tests.test_giftcard_api_integration.TestGiftCardAdminApiConfig" name="test_admin_update_api_config_missing_fields" time="0.626" /><testcase classname="backend.tests.test_giftcard_api_integration.TestGiftCardAdminApiConfig" name="test_admin_update_api_config_card_not_found" time="0.511" /><testcase classname="backend.tests.test_giftcard_api_integration.TestGiftCardAdminTestApi" name="test_admin_test_api_success" time="0.843" /><testcase classname="backend.tests.test_giftcard_api_integration.TestGiftCardAdminTestApi" name="test_admin_test_api_not_configured" time="0.571" /><testcase classname="backend.tests.test_giftcard_api_integration.TestGiftCardAdminTestApi" name="test_admin_test_api_card_not_found" time="0.487" /><testcase classname="backend.tests.test_giftcard_api_integration.TestGiftCardAdminGetAll" name="test_admin_get_all_giftcards" time="0.456" /><testcase classname="backend.tests.test_giftcard_api_integration.TestGiftCardAdminGetAll" name="test_admin_get_all_giftcards_non_admin_fails" time="0.499" /><testcase classname="backend.tests.test_giftcard_api_integration.TestGiftCardPurchaseWithActivationCode" name="test_purchase_giftcard_with_linked_card" time="1.399" /><testcase classname="backend.tests.test_giftcard_api_integration.TestGiftCardPurchaseWithActivationCode" name="test_purchase_giftcard_invalid_amount" time="1.222" /><testcase classname="backend.tests.test_giftcard_api_integration.TestGiftCardPurchaseWithActivationCode" name="test_purchase_giftcard_invalid_payment_method" time="1.038" /><testcase classname="backend.tests.test_giftcard_api_integration.TestGiftCardPurchaseWithActivationCode" name="test_purchase_giftcard_not_found" time="0.686" /><testcase classname="backend.tests.test_giftcard_api_integration.TestLinkCard" name="test_link_card_success" time="0.736" /><testcase classname="backend.tests.test_giftcard_api_integration.TestLinkCard" name="test_link_card_invalid_number" time="0.515" /><testcase classname="backend.tests.test_giftcard_api_integration.TestLinkCard" name="test_get_linked_card" time="0.466" /><testcase classname="backend.tests.test_giftcard_api_integration.TestLinkCard" name="test_unlink_card" time="0.571" /><testcase classname="backend.tests.test_giftcard_api_integration.TestPublicGiftCardEndpoints" name="test_get_all_active_giftcards" time="0.455" /><testcase classname="backend.tests.test_giftcard_api_integration.TestPublicGiftCardEndpoints" name="test_get_my_purchases" time="0.630" /></testsuite></testsuites>