<?xml version="1.0" encoding="utf-8"?><testsuites name="pytest tests"><testsuite name="pytest" errors="0" failures="0" skipped="0" tests="16" time="2.999" timestamp="2026-03-09T08:31:11.042168+00:00" hostname="agent-env-3ce7c74b-44d4-44ca-95df-803cfd2bccca"><testcase classname="test_google_auth.TestGoogleAuthCallback" name="test_callback_missing_session_id" time="0.153" /><testcase classname="test_google_auth.TestGoogleAuthCallback" name="test_callback_invalid_session_id" time="0.221" /><testcase classname="test_google_auth.TestGoogleAuthCallback" name="test_callback_empty_session_id" time="0.114" /><testcase classname="test_google_auth.TestGoogleAuthComplete" name="test_complete_missing_session_id" time="0.106" /><testcase classname="test_google_auth.TestGoogleAuthComplete" name="test_complete_missing_phone" time="0.101" /><testcase classname="test_google_auth.TestGoogleAuthComplete" name="test_complete_empty_phone" time="0.096" /><testcase classname="test_google_auth.TestGoogleAuthComplete" name="test_complete_whitespace_phone" time="0.105" /><testcase classname="test_google_auth.TestGoogleAuthComplete" name="test_complete_invalid_session" time="0.184" /><testcase classname="test_google_auth.TestExistingAuthRegression" name="test_login_valid_credentials" time="0.317" /><testcase classname="test_google_auth.TestExistingAuthRegression" name="test_login_invalid_password" time="0.316" /><testcase classname="test_google_auth.TestExistingAuthRegression" name="test_login_nonexistent_user" time="0.106" /><testcase classname="test_google_auth.TestExistingAuthRegression" name="test_register_new_user" time="0.334" /><testcase classname="test_google_auth.TestExistingAuthRegression" name="test_register_duplicate_email" time="0.098" /><testcase classname="test_google_auth.TestExistingAuthRegression" name="test_get_me_with_valid_token" time="0.473" /><testcase classname="test_google_auth.TestExistingAuthRegression" name="test_get_me_without_token" time="0.105" /><testcase classname="test_google_auth.TestHealthCheck" name="test_health_endpoint" time="0.098" /></testsuite></testsuites>