<?xml version="1.0" encoding="utf-8"?><testsuites name="pytest tests"><testsuite name="pytest" errors="0" failures="0" skipped="0" tests="11" time="1.504" timestamp="2026-03-09T16:27:54.695995+00:00" hostname="agent-env-3ce7c74b-44d4-44ca-95df-803cfd2bccca"><testcase classname="backend.tests.test_merchant_ai.TestUploadVisura" name="test_upload_visura_requires_auth" time="0.195" /><testcase classname="backend.tests.test_merchant_ai.TestUploadVisura" name="test_upload_visura_requires_merchant_status" time="0.364" /><testcase classname="backend.tests.test_merchant_ai.TestUploadVisura" name="test_upload_visura_rejects_non_image" time="0.342" /><testcase classname="backend.tests.test_merchant_ai.TestUploadVisura" name="test_upload_visura_rejects_pdf" time="0.075" /><testcase classname="backend.tests.test_merchant_ai.TestScanMenu" name="test_scan_menu_requires_auth" time="0.063" /><testcase classname="backend.tests.test_merchant_ai.TestScanMenu" name="test_scan_menu_requires_merchant_status" time="0.057" /><testcase classname="backend.tests.test_merchant_ai.TestScanMenu" name="test_scan_menu_rejects_non_image" time="0.073" /><testcase classname="backend.tests.test_merchant_ai.TestMerchantDashboardAPI" name="test_merchant_me_returns_merchant_data" time="0.072" /><testcase classname="backend.tests.test_merchant_ai.TestMerchantDashboardAPI" name="test_wallet_balance_accessible" time="0.059" /><testcase classname="backend.tests.test_merchant_ai.TestMenuRoutesIntact" name="test_menu_my_items_works" time="0.080" /><testcase classname="backend.tests.test_merchant_ai.TestMerchantRegistrationFlow" name="test_merchants_categories_list" time="0.063" /></testsuite></testsuites>