<?xml version="1.0" encoding="utf-8"?><testsuites name="pytest tests"><testsuite name="pytest" errors="0" failures="1" skipped="0" tests="11" time="8.650" timestamp="2026-03-07T10:09:34.590316+00:00" hostname="agent-env-8d58eb9c-6c1e-4459-b41f-529b79624b45"><testcase classname="backend.tests.test_myu_api.TestMYUAuth" name="test_myu_endpoints_require_auth" time="0.166"><failure message="AssertionError: /api/myu/history should require auth&#10;assert 403 == 401&#10; +  where 403 = &lt;Response [403]&gt;.status_code">backend/tests/test_myu_api.py:44: in test_myu_endpoints_require_auth
    assert response.status_code == 401, f"{endpoint} should require auth"
E   AssertionError: /api/myu/history should require auth
E   assert 403 == 401
E    +  where 403 = &lt;Response [403]&gt;.status_code</failure></testcase><testcase classname="backend.tests.test_myu_api.TestMYUChat" name="test_chat_sends_message_and_receives_response" time="1.289" /><testcase classname="backend.tests.test_myu_api.TestMYUChat" name="test_chat_history_persists" time="0.994" /><testcase classname="backend.tests.test_myu_api.TestMYUTasks" name="test_get_tasks" time="0.365" /><testcase classname="backend.tests.test_myu_api.TestMYUTasks" name="test_update_task_status" time="4.112" /><testcase classname="backend.tests.test_myu_api.TestMYUTasks" name="test_update_task_invalid_id" time="0.390" /><testcase classname="backend.tests.test_myu_api.TestMYUNewSession" name="test_new_session_creates_session_id" time="0.378" /><testcase classname="backend.tests.test_myu_api.TestMYUSuggestions" name="test_get_suggestions" time="0.394" /><testcase classname="backend.tests.test_myu_api.TestMYUInsufficientBalance" name="test_chat_requires_balance" time="0.000" /><testcase classname="backend.tests.test_myu_api.TestLoginAfterMYU" name="test_login_returns_valid_user" time="0.374" /><testcase classname="backend.tests.test_myu_api.TestPublicMenu" name="test_get_public_menu" time="0.102" /></testsuite></testsuites>