<?xml version="1.0" encoding="utf-8"?><testsuites name="pytest tests"><testsuite name="pytest" errors="0" failures="0" skipped="0" tests="24" time="14.595" timestamp="2026-03-07T14:04:45.295315+00:00" hostname="agent-env-88f81baf-2393-46fc-8ea0-dfb17263d511"><testcase classname="tests.test_myu_api.TestMyuChatBasic" name="test_greeting_static_response_no_llm" time="0.520" /><testcase classname="tests.test_myu_api.TestMyuChatBasic" name="test_wallet_query_llm_tool" time="2.066" /><testcase classname="tests.test_myu_api.TestMyuChatBasic" name="test_general_question_llm_only" time="1.140" /><testcase classname="tests.test_myu_api.TestMyuCityConfirmation" name="test_location_based_query_asks_city" time="0.864" /><testcase classname="tests.test_myu_api.TestMyuCityConfirmation" name="test_city_mismatch_double_confirmation" time="0.158" /><testcase classname="tests.test_myu_api.TestMyuLocation" name="test_update_location_geohash" time="0.048" /><testcase classname="tests.test_myu_api.TestMyuLocation" name="test_get_location" time="0.048" /><testcase classname="tests.test_myu_api.TestMyuLocation" name="test_confirm_city" time="0.048" /><testcase classname="tests.test_myu_api.TestMyuTools" name="test_tool_cinema" time="0.056" /><testcase classname="tests.test_myu_api.TestMyuTools" name="test_tool_restaurants" time="0.046" /><testcase classname="tests.test_myu_api.TestMyuTools" name="test_tool_weather" time="0.050" /><testcase classname="tests.test_myu_api.TestMyuTools" name="test_tool_merchants" time="0.050" /><testcase classname="tests.test_myu_api.TestMyuCostTracking" name="test_cost_tracking_per_request" time="0.898" /><testcase classname="tests.test_myu_api.TestMyuCostTracking" name="test_cost_under_budget" time="1.221" /><testcase classname="tests.test_myu_api.TestMyuHistory" name="test_get_history" time="0.052" /><testcase classname="tests.test_myu_api.TestMyuHistory" name="test_new_session" time="0.045" /><testcase classname="tests.test_myu_api.TestMyuTasks" name="test_get_tasks" time="0.053" /><testcase classname="tests.test_myu_api.TestMyuTasks" name="test_create_task_via_chat" time="0.785" /><testcase classname="tests.test_myu_api.TestMyuTasks" name="test_update_task_status" time="0.100" /><testcase classname="tests.test_myu_api.TestMyuIntentClassification" name="test_wallet_keywords" time="2.564" /><testcase classname="tests.test_myu_api.TestMyuIntentClassification" name="test_cinema_keywords" time="2.536" /><testcase classname="tests.test_myu_api.TestMyuIntentClassification" name="test_weather_keywords" time="1.000" /><testcase classname="tests.test_myu_api.TestMyuIntentClassification" name="test_greeting_keywords" time="0.152" /><testcase classname="tests.test_myu_api.TestMyuInsufficientBalance" name="test_insufficient_balance_error" time="0.000" /></testsuite></testsuites>