<?xml version="1.0" encoding="utf-8"?><testsuites name="pytest tests"><testsuite name="pytest" errors="0" failures="0" skipped="0" tests="13" time="3.002" timestamp="2026-03-07T10:57:33.040560+00:00" hostname="agent-env-8d58eb9c-6c1e-4459-b41f-529b79624b45"><testcase classname="tests.test_notification_system.TestNotificationTemplates" name="test_get_templates" time="0.527" /><testcase classname="tests.test_notification_system.TestNotificationImageUpload" name="test_upload_image_success" time="0.300" /><testcase classname="tests.test_notification_system.TestNotificationImageUpload" name="test_upload_image_invalid_format" time="0.129" /><testcase classname="tests.test_notification_system.TestNotificationImageUpload" name="test_get_image_not_found" time="0.096" /><testcase classname="tests.test_notification_system.TestMerchantSendNotification" name="test_send_promo_notification_with_cta" time="0.197" /><testcase classname="tests.test_notification_system.TestMerchantSendNotification" name="test_send_event_notification" time="0.105" /><testcase classname="tests.test_notification_system.TestMerchantSendNotification" name="test_send_notification_insufficient_balance" time="0.105" /><testcase classname="tests.test_notification_system.TestUserNotifications" name="test_get_my_notifications_structure" time="0.461" /><testcase classname="tests.test_notification_system.TestNotificationInteractions" name="test_mark_notification_as_read" time="0.209" /><testcase classname="tests.test_notification_system.TestNotificationInteractions" name="test_track_notification_click" time="0.199" /><testcase classname="tests.test_notification_system.TestNotificationInteractions" name="test_get_unread_count" time="0.097" /><testcase classname="tests.test_notification_system.TestLoginAfterNotifications" name="test_login_returns_integer_up_points" time="0.415" /><testcase classname="tests.test_notification_system.TestPublicMenuStillWorks" name="test_public_menu_endpoint" time="0.095" /></testsuite></testsuites>