<?xml version="1.0" encoding="utf-8"?><testsuites name="pytest tests"><testsuite name="pytest" errors="0" failures="0" skipped="0" tests="13" time="8.556" timestamp="2026-03-09T18:01:03.147569+00:00" hostname="agent-env-3ce7c74b-44d4-44ca-95df-803cfd2bccca"><testcase classname="tests.test_pricing.TestPublicPricing" name="test_get_public_pricing_no_auth" time="0.234" /><testcase classname="tests.test_pricing.TestPublicPricing" name="test_default_pricing_values" time="0.222" /><testcase classname="tests.test_pricing.TestAdminPricing" name="test_get_admin_pricing_with_admin" time="0.490" /><testcase classname="tests.test_pricing.TestAdminPricing" name="test_get_admin_pricing_no_auth" time="0.133" /><testcase classname="tests.test_pricing.TestAdminPricing" name="test_get_admin_pricing_non_admin" time="0.475" /><testcase classname="tests.test_pricing.TestAdminPricing" name="test_update_pricing_with_admin" time="0.873" /><testcase classname="tests.test_pricing.TestAdminPricing" name="test_update_pricing_no_auth" time="0.104" /><testcase classname="tests.test_pricing.TestAdminPricing" name="test_update_pricing_non_admin" time="0.505" /><testcase classname="tests.test_pricing.TestFeatureTogglesStillWork" name="test_get_public_features" time="0.113" /><testcase classname="tests.test_pricing.TestFeatureTogglesStillWork" name="test_admin_get_features" time="0.548" /><testcase classname="tests.test_pricing.TestFeatureTogglesStillWork" name="test_admin_get_api_config" time="0.481" /><testcase classname="tests.test_pricing.TestDynamicPricingUsage" name="test_menu_scan_error_uses_dynamic_price" time="3.667" /><testcase classname="tests.test_pricing.TestDynamicPricingUsage" name="test_sim_activation_uses_dynamic_price" time="0.643" /></testsuite></testsuites>