<?xml version="1.0" encoding="utf-8"?><testsuites name="pytest tests"><testsuite name="pytest" errors="0" failures="0" skipped="0" tests="29" time="9.950" timestamp="2026-03-09T14:45:05.602043+00:00" hostname="agent-env-3ce7c74b-44d4-44ca-95df-803cfd2bccca"><testcase classname="backend.tests.test_settings_profile.TestHealthAndSetup" name="test_api_health" time="0.158" /><testcase classname="backend.tests.test_settings_profile.TestHealthAndSetup" name="test_regular_user_login" time="0.362" /><testcase classname="backend.tests.test_settings_profile.TestHealthAndSetup" name="test_admin_user_login" time="0.352" /><testcase classname="backend.tests.test_settings_profile.TestProfilePersonalData" name="test_update_personal_data_success" time="0.507" /><testcase classname="backend.tests.test_settings_profile.TestProfilePersonalData" name="test_update_personal_data_empty_fields" time="0.484" /><testcase classname="backend.tests.test_settings_profile.TestProfilePersonalData" name="test_update_personal_data_without_auth" time="0.134" /><testcase classname="backend.tests.test_settings_profile.TestProfilePersonalData" name="test_get_auth_me_with_address_field" time="0.455" /><testcase classname="backend.tests.test_settings_profile.TestProfilePicture" name="test_upload_profile_picture_no_file" time="0.453" /><testcase classname="backend.tests.test_settings_profile.TestProfilePicture" name="test_upload_profile_picture_non_image" time="0.456" /><testcase classname="backend.tests.test_settings_profile.TestProfilePicture" name="test_upload_profile_picture_without_auth" time="0.117" /><testcase classname="backend.tests.test_settings_profile.TestDataTreatment" name="test_get_data_treatment" time="0.510" /><testcase classname="backend.tests.test_settings_profile.TestDataTreatment" name="test_update_data_treatment_enable_section" time="0.436" /><testcase classname="backend.tests.test_settings_profile.TestDataTreatment" name="test_update_data_treatment_disable_section" time="0.443" /><testcase classname="backend.tests.test_settings_profile.TestDataTreatment" name="test_update_data_treatment_multiple_sections" time="0.492" /><testcase classname="backend.tests.test_settings_profile.TestDataTreatment" name="test_update_data_treatment_empty_body" time="0.445" /><testcase classname="backend.tests.test_settings_profile.TestDataTreatment" name="test_data_treatment_without_auth" time="0.127" /><testcase classname="backend.tests.test_settings_profile.TestPublicContent" name="test_get_public_privacy_policy" time="0.117" /><testcase classname="backend.tests.test_settings_profile.TestPublicContent" name="test_get_public_data_treatment_1" time="0.115" /><testcase classname="backend.tests.test_settings_profile.TestPublicContent" name="test_get_nonexistent_content" time="0.115" /><testcase classname="backend.tests.test_settings_profile.TestAdminContent" name="test_admin_get_all_content" time="0.449" /><testcase classname="backend.tests.test_settings_profile.TestAdminContent" name="test_admin_get_specific_content" time="0.474" /><testcase classname="backend.tests.test_settings_profile.TestAdminContent" name="test_admin_update_content" time="0.578" /><testcase classname="backend.tests.test_settings_profile.TestAdminContent" name="test_regular_user_cannot_access_admin_content" time="0.471" /><testcase classname="backend.tests.test_settings_profile.TestAdminContent" name="test_unauthenticated_cannot_access_admin_content" time="0.124" /><testcase classname="backend.tests.test_settings_profile.TestAccountDeletion" name="test_delete_account_request" time="0.468" /><testcase classname="backend.tests.test_settings_profile.TestAccountDeletion" name="test_login_cancels_deletion" time="0.327" /><testcase classname="backend.tests.test_settings_profile.TestAccountDeletion" name="test_delete_account_without_auth" time="0.123" /><testcase classname="backend.tests.test_settings_profile.TestGiftCardPurchases" name="test_get_my_purchases" time="0.444" /><testcase classname="backend.tests.test_settings_profile.TestGiftCardPurchases" name="test_get_my_purchases_without_auth" time="0.119" /></testsuite></testsuites>